12:50:10 **** Clean-only build of configuration Default for project QOCA_MainActivity ****
ndk-build clean 
Cannot run program "ndk-build": Unknown reason

Error: Program "ndk-build" not found in PATH
PATH=[/usr/bin:/bin:/usr/sbin:/sbin]
14:02:08 **** Clean-only build of configuration Default for project QOCA_MainActivity ****
ndk-build clean 
Cannot run program "ndk-build": Unknown reason

Error: Program "ndk-build" not found in PATH
PATH=[/usr/bin:/bin:/usr/sbin:/sbin]
11:41:14 **** Clean-only build of configuration Default for project QOCA_MainActivity ****
ndk-build clean 
Cannot run program "ndk-build": Unknown reason

Error: Program "ndk-build" not found in PATH
PATH=[/usr/bin:/bin:/usr/sbin:/sbin]
11:51:39 **** Build of configuration Default for project QOCA_MainActivity ****
ndk-build all 
Cannot run program "ndk-build": Unknown reason

Error: Program "ndk-build" not found in PATH
PATH=[/usr/bin:/bin:/usr/sbin:/sbin]
11:55:26 **** Incremental Build of configuration Default for project QOCA_MainActivity ****
ndk-build all 
Cannot run program "ndk-build": Unknown reason

Error: Program "ndk-build" not found in PATH
PATH=[/usr/bin:/bin:/usr/sbin:/sbin]
12:07:48 **** Clean-only build of configuration Default for project QOCA_MainActivity ****
ndk-build clean 
Cannot run program "ndk-build": Unknown reason

Error: Program "ndk-build" not found in PATH
PATH=[/usr/bin:/bin:/usr/sbin:/sbin]
12:24:34 **** Clean-only build of configuration Default for project QOCA_MainActivity ****
ndk-build clean 
Cannot run program "ndk-build": Unknown reason

Error: Program "ndk-build" not found in PATH
PATH=[/usr/bin:/bin:/usr/sbin:/sbin]
